<?xml version="1.0" encoding="UTF-8"?>
<testng-results total="1" passed="1" failed="0" skipped="0">
  <reporter-output>
  </reporter-output>
  <suite started-at="2022-03-20T18:47:43Z" name="Default suite" finished-at="2022-03-20T18:50:23Z" duration-ms="160295">
    <groups>
    </groups>
    <test started-at="2022-03-20T18:47:43Z" name="Default test" finished-at="2022-03-20T18:50:23Z" duration-ms="160295">
      <class name="team.tom.Logininformation">
        <test-method signature="basepagenavigation()[pri:0, instance:team.tom.Logininformation@44be0077]" started-at="2022-03-21T00:17:43Z" name="basepagenavigation" finished-at="2022-03-21T00:20:23Z" duration-ms="160187" status="PASS">
          <reporter-output>
          </reporter-output>
        </test-method> <!-- basepagenavigation -->
      </class> <!-- team.tom.Logininformation -->
    </test> <!-- Default test -->
  </suite> <!-- Default suite -->
</testng-results>
