<?xml version="1.0" encoding="UTF-8"?>
<testng-results total="1" passed="1" failed="0" skipped="0">
  <reporter-output>
  </reporter-output>
  <suite started-at="2022-03-20T15:17:55Z" name="Default suite" finished-at="2022-03-20T15:21:05Z" duration-ms="189761">
    <groups>
    </groups>
    <test started-at="2022-03-20T15:17:55Z" name="Default test" finished-at="2022-03-20T15:21:05Z" duration-ms="189761">
      <class name="team.tom.Logininformation">
        <test-method signature="basepagenavigation()[pri:0, instance:team.tom.Logininformation@5f20155b]" started-at="2022-03-20T20:47:55Z" name="basepagenavigation" finished-at="2022-03-20T20:51:05Z" duration-ms="189657" status="PASS">
          <reporter-output>
          </reporter-output>
        </test-method> <!-- basepagenavigation -->
      </class> <!-- team.tom.Logininformation -->
    </test> <!-- Default test -->
  </suite> <!-- Default suite -->
</testng-results>
